[2024-10-06T14:25:10.718+0000] {processor.py:186} INFO - Started process (PID=1348) to work on /opt/airflow/dags/airflow_into_snowflake.py
[2024-10-06T14:25:10.719+0000] {processor.py:914} INFO - Processing file /opt/airflow/dags/airflow_into_snowflake.py for tasks to queue
[2024-10-06T14:25:10.721+0000] {logging_mixin.py:190} INFO - [2024-10-06T14:25:10.720+0000] {dagbag.py:588} INFO - Filling up the DagBag from /opt/airflow/dags/airflow_into_snowflake.py
[2024-10-06T14:25:11.496+0000] {processor.py:925} INFO - DAG(s) 'TomTomAPI_Ingestion' retrieved from /opt/airflow/dags/airflow_into_snowflake.py
[2024-10-06T14:25:11.669+0000] {logging_mixin.py:190} INFO - [2024-10-06T14:25:11.668+0000] {dag.py:3239} INFO - Sync 1 DAGs
[2024-10-06T14:25:11.699+0000] {logging_mixin.py:190} INFO - [2024-10-06T14:25:11.699+0000] {dag.py:4180} INFO - Setting next_dagrun for TomTomAPI_Ingestion to None, run_after=None
[2024-10-06T14:25:11.728+0000] {processor.py:208} INFO - Processing /opt/airflow/dags/airflow_into_snowflake.py took 1.017 seconds
[2024-10-06T14:25:41.846+0000] {processor.py:186} INFO - Started process (PID=1357) to work on /opt/airflow/dags/airflow_into_snowflake.py
[2024-10-06T14:25:41.847+0000] {processor.py:914} INFO - Processing file /opt/airflow/dags/airflow_into_snowflake.py for tasks to queue
[2024-10-06T14:25:41.848+0000] {logging_mixin.py:190} INFO - [2024-10-06T14:25:41.847+0000] {dagbag.py:588} INFO - Filling up the DagBag from /opt/airflow/dags/airflow_into_snowflake.py
[2024-10-06T14:25:42.364+0000] {processor.py:925} INFO - DAG(s) 'TomTomAPI_Ingestion' retrieved from /opt/airflow/dags/airflow_into_snowflake.py
[2024-10-06T14:25:42.383+0000] {logging_mixin.py:190} INFO - [2024-10-06T14:25:42.382+0000] {dag.py:3239} INFO - Sync 1 DAGs
[2024-10-06T14:25:42.399+0000] {logging_mixin.py:190} INFO - [2024-10-06T14:25:42.399+0000] {dag.py:4180} INFO - Setting next_dagrun for TomTomAPI_Ingestion to None, run_after=None
[2024-10-06T14:25:42.416+0000] {processor.py:208} INFO - Processing /opt/airflow/dags/airflow_into_snowflake.py took 0.575 seconds
[2024-10-06T14:26:12.611+0000] {processor.py:186} INFO - Started process (PID=1366) to work on /opt/airflow/dags/airflow_into_snowflake.py
[2024-10-06T14:26:12.618+0000] {processor.py:914} INFO - Processing file /opt/airflow/dags/airflow_into_snowflake.py for tasks to queue
[2024-10-06T14:26:12.619+0000] {logging_mixin.py:190} INFO - [2024-10-06T14:26:12.619+0000] {dagbag.py:588} INFO - Filling up the DagBag from /opt/airflow/dags/airflow_into_snowflake.py
[2024-10-06T14:26:13.355+0000] {processor.py:925} INFO - DAG(s) 'TomTomAPI_Ingestion' retrieved from /opt/airflow/dags/airflow_into_snowflake.py
[2024-10-06T14:26:13.381+0000] {logging_mixin.py:190} INFO - [2024-10-06T14:26:13.380+0000] {dag.py:3239} INFO - Sync 1 DAGs
[2024-10-06T14:26:13.406+0000] {logging_mixin.py:190} INFO - [2024-10-06T14:26:13.405+0000] {dag.py:4180} INFO - Setting next_dagrun for TomTomAPI_Ingestion to None, run_after=None
[2024-10-06T14:26:13.425+0000] {processor.py:208} INFO - Processing /opt/airflow/dags/airflow_into_snowflake.py took 0.829 seconds
[2024-10-06T14:26:43.573+0000] {processor.py:186} INFO - Started process (PID=1376) to work on /opt/airflow/dags/airflow_into_snowflake.py
[2024-10-06T14:26:43.574+0000] {processor.py:914} INFO - Processing file /opt/airflow/dags/airflow_into_snowflake.py for tasks to queue
[2024-10-06T14:26:43.576+0000] {logging_mixin.py:190} INFO - [2024-10-06T14:26:43.575+0000] {dagbag.py:588} INFO - Filling up the DagBag from /opt/airflow/dags/airflow_into_snowflake.py
[2024-10-06T14:26:44.312+0000] {processor.py:925} INFO - DAG(s) 'TomTomAPI_Ingestion' retrieved from /opt/airflow/dags/airflow_into_snowflake.py
[2024-10-06T14:26:44.337+0000] {logging_mixin.py:190} INFO - [2024-10-06T14:26:44.336+0000] {dag.py:3239} INFO - Sync 1 DAGs
[2024-10-06T14:26:44.362+0000] {logging_mixin.py:190} INFO - [2024-10-06T14:26:44.361+0000] {dag.py:4180} INFO - Setting next_dagrun for TomTomAPI_Ingestion to None, run_after=None
[2024-10-06T14:26:44.383+0000] {processor.py:208} INFO - Processing /opt/airflow/dags/airflow_into_snowflake.py took 0.817 seconds
[2024-10-06T14:27:14.538+0000] {processor.py:186} INFO - Started process (PID=1385) to work on /opt/airflow/dags/airflow_into_snowflake.py
[2024-10-06T14:27:14.539+0000] {processor.py:914} INFO - Processing file /opt/airflow/dags/airflow_into_snowflake.py for tasks to queue
[2024-10-06T14:27:14.540+0000] {logging_mixin.py:190} INFO - [2024-10-06T14:27:14.539+0000] {dagbag.py:588} INFO - Filling up the DagBag from /opt/airflow/dags/airflow_into_snowflake.py
[2024-10-06T14:27:14.995+0000] {processor.py:925} INFO - DAG(s) 'TomTomAPI_Ingestion' retrieved from /opt/airflow/dags/airflow_into_snowflake.py
[2024-10-06T14:27:15.015+0000] {logging_mixin.py:190} INFO - [2024-10-06T14:27:15.015+0000] {dag.py:3239} INFO - Sync 1 DAGs
[2024-10-06T14:27:15.037+0000] {logging_mixin.py:190} INFO - [2024-10-06T14:27:15.037+0000] {dag.py:4180} INFO - Setting next_dagrun for TomTomAPI_Ingestion to None, run_after=None
[2024-10-06T14:27:15.069+0000] {processor.py:208} INFO - Processing /opt/airflow/dags/airflow_into_snowflake.py took 0.536 seconds
